app/build/outputs/logs/manifest-merger-debug-report.txt
-- Merging decision tree log ---
manifest
ADDED from src\main\AndroidManifest.xml:2:1-50:12
INJECTED from src\main\AndroidManifest.xml:2:1-50:12
INJECTED from src\main\AndroidManifest.xml:2:1-50:12
INJECTED from src\main\AndroidManifest.xml:2:1-50:12
INJECTED from src\main\AndroidManifest.xml:2:1-50:12
INJECTED from src\main\AndroidManifest.xml:2:1-50:12
INJECTED from src\main\AndroidManifest.xml:2:1-50:12
	package
		ADDED from src\main\AndroidManifest.xml:3:5-36
		INJECTED from src\main\AndroidManifest.xml
		INJECTED from src\main\AndroidManifest.xml
	android:versionName
		ADDED from src\main\AndroidManifest.xml:5:5-30
		INJECTED from src\main\AndroidManifest.xml
		INJECTED from src\main\AndroidManifest.xml
	xmlns:android
		ADDED from src\main\AndroidManifest.xml:2:11-69
	android:versionCode
		ADDED from src\main\AndroidManifest.xml:4:5-28
		INJECTED from src\main\AndroidManifest.xml
		INJECTED from src\main\AndroidManifest.xml
uses-sdk
ADDED from src\main\AndroidManifest.xml:7:5-9:41
INJECTED from src\main\AndroidManifest.xml:7:5-9:41
INJECTED from src\main\AndroidManifest.xml:7:5-9:41
INJECTED from src\main\AndroidManifest.xml:7:5-9:41
INJECTED from src\main\AndroidManifest.xml:7:5-9:41
	android:targetSdkVersion
		ADDED from src\main\AndroidManifest.xml:9:9-38
		INJECTED from src\main\AndroidManifest.xml
		INJECTED from src\main\AndroidManifest.xml
	android:minSdkVersion
		ADDED from src\main\AndroidManifest.xml:8:9-35
		INJECTED from src\main\AndroidManifest.xml
		INJECTED from src\main\AndroidManifest.xml
uses-permission#android.permission.WRITE_EXTERNAL_STORAGE
ADDED from src\main\AndroidManifest.xml:11:2-78
	android:name
		ADDED from src\main\AndroidManifest.xml:11:19-75
uses-permission#android.permission.INTERNET
ADDED from src\main\AndroidManifest.xml:12:2-63
	android:name
		ADDED from src\main\AndroidManifest.xml:12:19-61
uses-permission#android.permission.ACCESS_NETWORK_STATE
ADDED from src\main\AndroidManifest.xml:13:2-76
	android:name
		ADDED from src\main\AndroidManifest.xml:13:19-73
uses-permission#android.permission.READ_PHONE_STATE
ADDED from src\main\AndroidManifest.xml:14:2-72
	android:name
		ADDED from src\main\AndroidManifest.xml:14:19-69
uses-permission#android.permission.ACCESS_WIFI_STATE
ADDED from src\main\AndroidManifest.xml:15:2-73
	android:name
		ADDED from src\main\AndroidManifest.xml:15:19-70
application
ADDED from src\main\AndroidManifest.xml:17:5-48:19
	android:label
		ADDED from src\main\AndroidManifest.xml:21:9-41
	android:icon
		ADDED from src\main\AndroidManifest.xml:20:9-46
	android:allowBackup
		ADDED from src\main\AndroidManifest.xml:19:9-35
	android:theme
		ADDED from src\main\AndroidManifest.xml:22:9-68
	android:name
		ADDED from src\main\AndroidManifest.xml:18:9-30
activity#com.example.shoujibao.aaaa
ADDED from src\main\AndroidManifest.xml:23:9-31:20
	android:label
		ADDED from src\main\AndroidManifest.xml:25:13-45
	android:name
		ADDED from src\main\AndroidManifest.xml:24:13-33
intent-filter#android.intent.action.MAIN+android.intent.category.LAUNCHER
ADDED from src\main\AndroidManifest.xml:26:13-30:29
action#android.intent.action.MAIN
ADDED from src\main\AndroidManifest.xml:27:17-69
	android:name
		ADDED from src\main\AndroidManifest.xml:27:25-66
category#android.intent.category.LAUNCHER
ADDED from src\main\AndroidManifest.xml:29:17-77
	android:name
		ADDED from src\main\AndroidManifest.xml:29:27-74
activity#com.example.shoujibao.MainActivity
ADDED from src\main\AndroidManifest.xml:33:9-80
	android:name
		ADDED from src\main\AndroidManifest.xml:33:19-68
activity#com.example.shoujibao.RegisterActivity
ADDED from src\main\AndroidManifest.xml:34:9-84
	android:name
		ADDED from src\main\AndroidManifest.xml:34:19-72
activity#com.example.shoujibao.LoginActivity
ADDED from src\main\AndroidManifest.xml:35:9-60
	android:name
		ADDED from src\main\AndroidManifest.xml:35:19-48
activity#com.example.shoujibao.CommentActivity
ADDED from src\main\AndroidManifest.xml:36:9-62
	android:name
		ADDED from src\main\AndroidManifest.xml:36:19-50
activity#com.example.shoujibao.zhujiemian
ADDED from src\main\AndroidManifest.xml:37:9-57
	android:name
		ADDED from src\main\AndroidManifest.xml:37:19-45
activity#com.example.shoujibao.admin
ADDED from src\main\AndroidManifest.xml:38:9-51
	android:name
		ADDED from src\main\AndroidManifest.xml:38:19-39
activity#com.example.shoujibao.shanghu_login
ADDED from src\main\AndroidManifest.xml:39:9-59
	android:name
		ADDED from src\main\AndroidManifest.xml:39:19-47
activity#com.example.shoujibao.geren_login
ADDED from src\main\AndroidManifest.xml:40:9-57
	android:name
		ADDED from src\main\AndroidManifest.xml:40:19-45
activity#com.example.shoujibao.shcomment
ADDED from src\main\AndroidManifest.xml:41:9-55
	android:name
		ADDED from src\main\AndroidManifest.xml:41:19-43